<?xml version="1.0" encoding="UTF-8"?>
<!-- Generated by org.testng.reporters.JUnitReportReporter -->
<testsuite skipped="0" hostname="idea-PC" name="Qsp_Learn_testng.First_TestNg_Prog" tests="1" failures="0" timestamp="12 Dec 2019 23:32:25 GMT" time="0.117" errors="0">
  <testcase name="f" time="0.117" classname="Qsp_Learn_testng.First_TestNg_Prog"/>
</testsuite> <!-- Qsp_Learn_testng.First_TestNg_Prog -->
